<?xml version="1.0" encoding="UTF-8"?>
<testng-results ignored="0" total="1" passed="1" failed="0" skipped="0">
  <reporter-output>
  </reporter-output>
  <suite started-at="2020-06-15T23:36:57Z" name="All Test Suite" finished-at="2020-06-15T23:37:09Z" duration-ms="11639">
    <groups>
    </groups>
    <test started-at="2020-06-15T23:36:57Z" name="chromeTests" finished-at="2020-06-15T23:37:09Z" duration-ms="11639">
      <class name="news.NewsPageTests">
        <test-method is-config="true" signature="setUp(java.lang.String)[pri:0, instance:news.NewsPageTests@3f197a46]" started-at="2020-06-15T23:36:57Z" name="setUp" finished-at="2020-06-15T23:37:07Z" duration-ms="9247" status="PASS">
          <params>
            <param index="0">
              <value>
                <![CDATA[firefox]]>
              </value>
            </param>
          </params>
          <reporter-output>
          </reporter-output>
        </test-method> <!-- setUp -->
        <test-method signature="isNewsPage()[pri:0, instance:news.NewsPageTests@3f197a46]" started-at="2020-06-15T23:37:07Z" name="isNewsPage" finished-at="2020-06-15T23:37:07Z" duration-ms="565" status="PASS">
          <reporter-output>
          </reporter-output>
        </test-method> <!-- isNewsPage -->
        <test-method is-config="true" signature="cleanUp()[pri:0, instance:news.NewsPageTests@3f197a46]" started-at="2020-06-15T23:37:07Z" name="cleanUp" finished-at="2020-06-15T23:37:09Z" duration-ms="1789" status="PASS">
          <reporter-output>
          </reporter-output>
        </test-method> <!-- cleanUp -->
      </class> <!-- news.NewsPageTests -->
    </test> <!-- chromeTests -->
  </suite> <!-- All Test Suite -->
</testng-results>
